2026-02-27 14:11:43,904 | INFO | django.utils.autoreload | Watching for file changes with StatReloader 
2026-02-27 14:11:45,730 | INFO | mainpage.views | Steins Gate page opened , user=None 
2026-02-27 14:11:46,516 | WARNING | django.request | Not Found: /favicon.ico 
2026-02-27 14:11:53,231 | INFO | mainpage.views | Steins Gate: Kyoukaimenjou no Missing Link, user=None 
2026-02-27 14:11:56,631 | INFO | mainpage.views | Steins Gate zero page opened , user=None 
2026-02-27 14:11:59,360 | INFO | mainpage.views | Steins Gate zero page opened , user=None 
2026-02-27 14:12:05,668 | INFO | users.views | Registration page opened 
2026-02-27 14:12:39,640 | INFO | users.views | Email verification email sent 
2026-02-27 14:12:51,095 | INFO | mainpage.views | Steins Gate page opened , user=TestUser 
2026-02-27 14:13:14,167 | INFO | mainpage.views | Steins Gate page opened , user=TestUser 
2026-02-27 14:13:15,362 | INFO | mainpage.views | Steins Gate page opened , user=TestUser 
2026-02-27 14:13:22,231 | INFO | mainpage.views | Steins Gate page opened , user=TestUser 
2026-02-27 14:13:22,266 | INFO | mainpage.views | Anime Steins;Gate comment test1 , user=TestUser 
2026-02-27 14:13:22,325 | INFO | mainpage.views | Steins Gate page opened , user=TestUser 
2026-02-27 15:13:43,907 | INFO | django.utils.autoreload | Watching for file changes with StatReloader 
2026-02-27 15:13:45,856 | INFO | mainpage.views | Steins Gate page opened , user=None 
2026-02-27 15:13:47,033 | WARNING | django.request | Not Found: /favicon.ico 
2026-02-27 15:15:39,755 | INFO | mainpage.views | Steins Gate page opened , user=None 
2026-02-27 15:37:38,456 | INFO | mainpage.views | Steins Gate page opened , user=None 
2026-02-27 15:37:40,268 | INFO | users.views | Registration page opened 
2026-02-27 15:37:42,336 | INFO | users.views | Login page opened , user=None 
2026-02-27 15:38:15,992 | INFO | mainpage.views | Steins Gate page opened , user=None 
2026-02-27 15:40:40,150 | INFO | django.utils.autoreload | Watching for file changes with StatReloader 
2026-02-27 15:43:09,524 | INFO | django.utils.autoreload | Watching for file changes with StatReloader 
2026-02-27 15:43:21,060 | INFO | mainpage.views | Steins Gate page opened , user=None 
2026-02-27 15:44:10,854 | INFO | django.utils.autoreload | Watching for file changes with StatReloader 
2026-02-27 15:44:12,366 | INFO | users.views | Registration page opened 
2026-02-27 15:44:14,100 | INFO | users.views | Login page opened , user=None 
2026-02-27 15:44:19,804 | INFO | mainpage.views | Steins Gate page opened , user=admin 
2026-02-27 15:44:50,328 | INFO | mainpage.views | Steins Gate page opened , user=admin 
2026-02-27 15:44:57,285 | INFO | mainpage.views | Steins Gate page opened , user=None 
2026-02-27 15:44:59,775 | INFO | users.views | Registration page opened 
2026-02-27 15:45:18,626 | INFO | users.views | Email verification email sent 
2026-02-27 15:45:28,461 | INFO | mainpage.views | Steins Gate page opened , user=TestUser 
2026-02-27 15:48:06,582 | INFO | django.utils.autoreload | Watching for file changes with StatReloader 
2026-02-27 15:48:08,141 | INFO | mainpage.views | Steins Gate page opened , user=TestUser 
2026-02-27 15:48:12,725 | INFO | mainpage.views | Steins Gate page opened , user=TestUser 
2026-02-27 15:48:20,087 | INFO | mainpage.views | Steins Gate page opened , user=TestUser 
2026-02-27 15:48:20,167 | INFO | mainpage.views | Anime Steins;Gate comment test comment , user=TestUser 
2026-02-27 15:48:20,337 | INFO | mainpage.views | Steins Gate page opened , user=TestUser 
2026-02-27 15:48:26,812 | INFO | mainpage.views | Steins Gate: Kyoukaimenjou no Missing Link, user=TestUser 
2026-02-27 18:30:11,499 | INFO | django.utils.autoreload | Watching for file changes with StatReloader 
2026-02-27 18:30:12,786 | INFO | mainpage.views | Steins Gate page opened , user=TestUser 
2026-02-27 18:37:45,131 | INFO | mainpage.views | Steins Gate page opened , user=TestUser 
2026-02-27 18:38:34,680 | INFO | mainpage.views | Steins Gate: Kyoukaimenjou no Missing Link, user=TestUser 
2026-02-27 18:38:40,221 | INFO | mainpage.views | Steins Gate zero page opened , user=TestUser 
2026-02-27 18:38:41,467 | INFO | mainpage.views | Steins Gate: Load Region of Deja Vu page opened, user=TestUser 
2026-02-27 18:38:42,771 | INFO | mainpage.views | Steins Gate page opened , user=TestUser 
2026-02-27 18:38:45,839 | INFO | mainpage.views | Steins Gate: Kyoukaimenjou no Missing Link, user=TestUser 
2026-02-27 18:38:51,686 | INFO | mainpage.views | Steins Gate zero page opened , user=TestUser 
2026-02-27 18:38:54,589 | INFO | mainpage.views | Steins Gate zero page opened , user=TestUser 
2026-02-27 18:38:56,085 | INFO | mainpage.views | Steins Gate: Load Region of Deja Vu page opened, user=TestUser 
2026-02-27 18:41:06,465 | INFO | mainpage.views | Steins Gate page opened , user=TestUser 
2026-02-27 18:41:16,849 | INFO | mainpage.views | Steins Gate page opened , user=TestUser 
2026-02-27 19:45:47,219 | INFO | django.utils.autoreload | Watching for file changes with StatReloader 
2026-02-27 19:45:48,606 | INFO | mainpage.views | Steins Gate page opened , user=TestUser 
2026-02-27 19:46:13,099 | INFO | mainpage.views | Steins Gate page opened , user=None 
2026-02-27 19:46:17,155 | INFO | mainpage.views | Steins Gate page opened , user=None 
2026-02-27 19:46:23,868 | INFO | mainpage.views | Steins Gate: Kyoukaimenjou no Missing Link, user=None 
2026-02-27 19:46:29,111 | INFO | mainpage.views | Future Gadget Laboratory page opened , user=None 
2026-02-27 20:10:17,736 | INFO | mainpage.views | Steins Gate page opened , user=None 
2026-02-28 02:56:07,229 | INFO | django.utils.autoreload | Watching for file changes with StatReloader 
2026-02-28 02:56:08,555 | INFO | mainpage.views | Steins Gate page opened , user=None 
2026-02-28 02:56:09,733 | WARNING | django.request | Not Found: /favicon.ico 
2026-02-28 02:56:11,729 | INFO | users.views | Registration page opened 
2026-02-28 02:56:13,620 | INFO | users.views | Login page opened , user=None 
2026-02-28 02:57:34,909 | INFO | mainpage.views | Steins Gate page opened , user=admin 
2026-02-28 02:57:49,012 | INFO | mainpage.views | Steins Gate page opened , user=admin 
2026-02-28 02:57:49,088 | INFO | mainpage.views | Anime Steins;Gate comment kjafkjjkl;;fjkl;fjklsd;fjklsfjklafjkl;;jklf;ajklafsd;jklfd;jklkjafkjjkl;;fjkl;fjklsd;fjklsfjklafjkl;;jklf;ajklafsd;jklfd;jklkjafkjjkl;;fjkl;fjklsd;fjklsfjklafjkl;;jklf;ajklafsd;jklfd;jklkjafkjjkl;;fjkl;fjklsd;fjklsfjklafjkl;;jklf;ajklafsd;jklfd;jklkjafkjjkl;;fjkl;fjklsd;fjklsfjklafjkl;;jklf;ajklafsd;jklfd;jklkjafkjjkl;;fjkl;fjklsd;fjklsfjklafjkl;;jklf;ajklafsd;jklfd;jklkjafkjjkl;;fjkl;fjklsd;fjklsfjklafjkl;;jklf;ajklafsd;jklfd;jklkjafkjjkl;;fjkl;fjklsd;fjklsfjklafjkl;;jklf;ajklafsd;jklfd;jklkjafkjjkl;;fjkl;fjklsd;fjklsfjklafjkl;;jklf;ajklafsd;jklfd;jklkjafkjjkl;;fjkl;fjklsd;fjklsfjklafjkl;;jklf;ajklafsd;jklfd;jklkjafkjjkl;;fjkl;fjklsd;fjklsfjklafjkl;;jklf;ajklafsd;jklfd;jkl , user=admin 
2026-02-28 02:57:49,133 | INFO | mainpage.views | Steins Gate page opened , user=admin 
2026-02-28 02:57:59,575 | INFO | mainpage.views | Steins Gate page opened , user=admin 
2026-02-28 02:58:02,799 | INFO | mainpage.views | Steins Gate page opened , user=admin 
2026-02-28 02:58:02,845 | INFO | mainpage.views | Anime Steins;Gate comment kjafkjjkl;;fjkl;fjklsd;fjklsfjklafjkl;;jklf;ajklafsd;jklfd;jklkjafkjjkl;;fjkl;fjklsd;fjklsfjklafjkl;;jklf;ajklafsd;jklfd;jklkjafkjjkl;;fjkl;fjklsd;fjklsfjklafjkl;;jklf;ajklafsd;jklfd;jklkjafkjjkl;;fjkl;fjklsd;fjklsfjklafjkl;;jklf;ajklafsd;jklfd;jklkjafkjjkl;;fjkl;fjklsd;fjklsfjklafjkl;;jklf;ajklafsd;jklfd;jklkjafkjjkl;;fjkl;fjklsd;fjklsfjklafjkl;;jklf;ajklafsd;jklfd;jklkjafkjjkl;;fjkl;fjklsd;fjklsfjklafjkl;;jklf;ajklafsd;jklfd;jklkjafkjjkl;;fjkl;fjklsd;fjklsfjklafjkl;;jklf;ajklafsd;jklfd;jklkjafkjjkl;;fjkl;fjklsd;fjklsfjklafjkl;;jklf;ajklafsd;jklfd;jklkjafkjjkl;;fjkl;fjklsd;fjklsfjklafjkl;;jklf;ajklafsd;jklfd;jklkjafkjjkl;;fjkl;fjklsd;fjklsfjklafjkl;;jklf;ajklafsd;jklfd;jkl , user=admin 
2026-02-28 02:58:02,995 | INFO | mainpage.views | Steins Gate page opened , user=admin 
2026-02-28 02:58:15,083 | INFO | mainpage.views | Steins Gate page opened , user=admin 
2026-02-28 02:58:19,392 | INFO | mainpage.views | Steins Gate page opened , user=admin 
2026-02-28 15:03:03,581 | INFO | django.utils.autoreload | Watching for file changes with StatReloader 
2026-02-28 15:03:05,858 | INFO | mainpage.views | Steins Gate page opened , user=admin 
2026-02-28 15:03:07,417 | WARNING | django.request | Not Found: /favicon.ico 
2026-02-28 15:03:08,826 | INFO | mainpage.views | Future Gadget Laboratory page opened , user=admin 
2026-02-28 15:03:09,089 | ERROR | django.request | Internal Server Error: /future-gadget-laboratory/ 
Traceback (most recent call last):
  File "D:\Users\6385\PycharmProjects\django_anime_project\.venv\Lib\site-packages\django\core\handlers\exception.py", line 55, in inner
    response = get_response(request)
  File "D:\Users\6385\PycharmProjects\django_anime_project\.venv\Lib\site-packages\django\core\handlers\base.py", line 198, in _get_response
    response = wrapped_callback(request, *callback_args, **callback_kwargs)
  File "D:\Users\6385\PycharmProjects\django_anime_project\core\mainpage\views.py", line 104, in future_gadget_laboratory_page
    return render(request, "future_gadget_laboratory.html", {"popular_anime": popular_anime})
  File "D:\Users\6385\PycharmProjects\django_anime_project\.venv\Lib\site-packages\django\shortcuts.py", line 25, in render
    content = loader.render_to_string(template_name, context, request, using=using)
  File "D:\Users\6385\PycharmProjects\django_anime_project\.venv\Lib\site-packages\django\template\loader.py", line 62, in render_to_string
    return template.render(context, request)
           ~~~~~~~~~~~~~~~^^^^^^^^^^^^^^^^^^
  File "D:\Users\6385\PycharmProjects\django_anime_project\.venv\Lib\site-packages\django\template\backends\django.py", line 107, in render
    return self.template.render(context)
           ~~~~~~~~~~~~~~~~~~~~^^^^^^^^^
  File "D:\Users\6385\PycharmProjects\django_anime_project\.venv\Lib\site-packages\django\template\base.py", line 174, in render
    return self._render(context)
           ~~~~~~~~~~~~^^^^^^^^^
  File "D:\Users\6385\PycharmProjects\django_anime_project\.venv\Lib\site-packages\django\template\base.py", line 166, in _render
    return self.nodelist.render(context)
           ~~~~~~~~~~~~~~~~~~~~^^^^^^^^^
  File "D:\Users\6385\PycharmProjects\django_anime_project\.venv\Lib\site-packages\django\template\base.py", line 1091, in render
    return SafeString("".join([node.render_annotated(context) for node in self]))
                               ~~~~~~~~~~~~~~~~~~~~~^^^^^^^^^
  File "D:\Users\6385\PycharmProjects\django_anime_project\.venv\Lib\site-packages\django\template\base.py", line 1052, in render_annotated
    return self.render(context)
           ~~~~~~~~~~~^^^^^^^^^
  File "D:\Users\6385\PycharmProjects\django_anime_project\.venv\Lib\site-packages\django\template\loader_tags.py", line 160, in render
    return compiled_parent._render(context)
           ~~~~~~~~~~~~~~~~~~~~~~~^^^^^^^^^
  File "D:\Users\6385\PycharmProjects\django_anime_project\.venv\Lib\site-packages\django\template\base.py", line 166, in _render
    return self.nodelist.render(context)
           ~~~~~~~~~~~~~~~~~~~~^^^^^^^^^
  File "D:\Users\6385\PycharmProjects\django_anime_project\.venv\Lib\site-packages\django\template\base.py", line 1091, in render
    return SafeString("".join([node.render_annotated(context) for node in self]))
                               ~~~~~~~~~~~~~~~~~~~~~^^^^^^^^^
  File "D:\Users\6385\PycharmProjects\django_anime_project\.venv\Lib\site-packages\django\template\base.py", line 1052, in render_annotated
    return self.render(context)
           ~~~~~~~~~~~^^^^^^^^^
  File "D:\Users\6385\PycharmProjects\django_anime_project\.venv\Lib\site-packages\django\template\loader_tags.py", line 66, in render
    result = block.nodelist.render(context)
  File "D:\Users\6385\PycharmProjects\django_anime_project\.venv\Lib\site-packages\django\template\base.py", line 1091, in render
    return SafeString("".join([node.render_annotated(context) for node in self]))
                               ~~~~~~~~~~~~~~~~~~~~~^^^^^^^^^
  File "D:\Users\6385\PycharmProjects\django_anime_project\.venv\Lib\site-packages\django\template\base.py", line 1052, in render_annotated
    return self.render(context)
           ~~~~~~~~~~~^^^^^^^^^
  File "D:\Users\6385\PycharmProjects\django_anime_project\.venv\Lib\site-packages\django\template\defaulttags.py", line 333, in render
    return nodelist.render(context)
           ~~~~~~~~~~~~~~~^^^^^^^^^
  File "D:\Users\6385\PycharmProjects\django_anime_project\.venv\Lib\site-packages\django\template\base.py", line 1091, in render
    return SafeString("".join([node.render_annotated(context) for node in self]))
                               ~~~~~~~~~~~~~~~~~~~~~^^^^^^^^^
  File "D:\Users\6385\PycharmProjects\django_anime_project\.venv\Lib\site-packages\django\template\base.py", line 1052, in render_annotated
    return self.render(context)
           ~~~~~~~~~~~^^^^^^^^^
  File "D:\Users\6385\PycharmProjects\django_anime_project\.venv\Lib\site-packages\django\template\defaulttags.py", line 249, in render
    nodelist.append(node.render_annotated(context))
                    ~~~~~~~~~~~~~~~~~~~~~^^^^^^^^^
  File "D:\Users\6385\PycharmProjects\django_anime_project\.venv\Lib\site-packages\django\template\base.py", line 1052, in render_annotated
    return self.render(context)
           ~~~~~~~~~~~^^^^^^^^^
  File "D:\Users\6385\PycharmProjects\django_anime_project\.venv\Lib\site-packages\django\template\defaulttags.py", line 511, in render
    url = reverse(view_name, args=args, kwargs=kwargs, current_app=current_app)
  File "D:\Users\6385\PycharmProjects\django_anime_project\.venv\Lib\site-packages\django\urls\base.py", line 98, in reverse
    resolved_url = resolver._reverse_with_prefix(view, prefix, *args, **kwargs)
  File "D:\Users\6385\PycharmProjects\django_anime_project\.venv\Lib\site-packages\django\urls\resolvers.py", line 842, in _reverse_with_prefix
    raise NoReverseMatch(msg)
django.urls.exceptions.NoReverseMatch: Reverse for 'default' not found. 'default' is not a valid view function or pattern name.
2026-02-28 15:07:18,709 | INFO | django.utils.autoreload | D:\Users\6385\PycharmProjects\django_anime_project\core\mainpage\models.py changed, reloading. 
2026-02-28 15:07:19,195 | INFO | django.utils.autoreload | Watching for file changes with StatReloader 
2026-02-28 15:07:38,891 | INFO | django.utils.autoreload | Watching for file changes with StatReloader 
2026-02-28 15:07:39,901 | INFO | mainpage.views | Steins Gate page opened , user=admin 
2026-02-28 15:07:41,909 | INFO | mainpage.views | Future Gadget Laboratory page opened , user=admin 
2026-02-28 15:07:41,983 | ERROR | django.request | Internal Server Error: /future-gadget-laboratory/ 
Traceback (most recent call last):
  File "D:\Users\6385\PycharmProjects\django_anime_project\.venv\Lib\site-packages\django\core\handlers\exception.py", line 55, in inner
    response = get_response(request)
  File "D:\Users\6385\PycharmProjects\django_anime_project\.venv\Lib\site-packages\django\core\handlers\base.py", line 198, in _get_response
    response = wrapped_callback(request, *callback_args, **callback_kwargs)
  File "D:\Users\6385\PycharmProjects\django_anime_project\core\mainpage\views.py", line 104, in future_gadget_laboratory_page
    return render(request, "future_gadget_laboratory.html", {"popular_anime": popular_anime})
  File "D:\Users\6385\PycharmProjects\django_anime_project\.venv\Lib\site-packages\django\shortcuts.py", line 25, in render
    content = loader.render_to_string(template_name, context, request, using=using)
  File "D:\Users\6385\PycharmProjects\django_anime_project\.venv\Lib\site-packages\django\template\loader.py", line 62, in render_to_string
    return template.render(context, request)
           ~~~~~~~~~~~~~~~^^^^^^^^^^^^^^^^^^
  File "D:\Users\6385\PycharmProjects\django_anime_project\.venv\Lib\site-packages\django\template\backends\django.py", line 107, in render
    return self.template.render(context)
           ~~~~~~~~~~~~~~~~~~~~^^^^^^^^^
  File "D:\Users\6385\PycharmProjects\django_anime_project\.venv\Lib\site-packages\django\template\base.py", line 174, in render
    return self._render(context)
           ~~~~~~~~~~~~^^^^^^^^^
  File "D:\Users\6385\PycharmProjects\django_anime_project\.venv\Lib\site-packages\django\template\base.py", line 166, in _render
    return self.nodelist.render(context)
           ~~~~~~~~~~~~~~~~~~~~^^^^^^^^^
  File "D:\Users\6385\PycharmProjects\django_anime_project\.venv\Lib\site-packages\django\template\base.py", line 1091, in render
    return SafeString("".join([node.render_annotated(context) for node in self]))
                               ~~~~~~~~~~~~~~~~~~~~~^^^^^^^^^
  File "D:\Users\6385\PycharmProjects\django_anime_project\.venv\Lib\site-packages\django\template\base.py", line 1052, in render_annotated
    return self.render(context)
           ~~~~~~~~~~~^^^^^^^^^
  File "D:\Users\6385\PycharmProjects\django_anime_project\.venv\Lib\site-packages\django\template\loader_tags.py", line 160, in render
    return compiled_parent._render(context)
           ~~~~~~~~~~~~~~~~~~~~~~~^^^^^^^^^
  File "D:\Users\6385\PycharmProjects\django_anime_project\.venv\Lib\site-packages\django\template\base.py", line 166, in _render
    return self.nodelist.render(context)
           ~~~~~~~~~~~~~~~~~~~~^^^^^^^^^
  File "D:\Users\6385\PycharmProjects\django_anime_project\.venv\Lib\site-packages\django\template\base.py", line 1091, in render
    return SafeString("".join([node.render_annotated(context) for node in self]))
                               ~~~~~~~~~~~~~~~~~~~~~^^^^^^^^^
  File "D:\Users\6385\PycharmProjects\django_anime_project\.venv\Lib\site-packages\django\template\base.py", line 1052, in render_annotated
    return self.render(context)
           ~~~~~~~~~~~^^^^^^^^^
  File "D:\Users\6385\PycharmProjects\django_anime_project\.venv\Lib\site-packages\django\template\loader_tags.py", line 66, in render
    result = block.nodelist.render(context)
  File "D:\Users\6385\PycharmProjects\django_anime_project\.venv\Lib\site-packages\django\template\base.py", line 1091, in render
    return SafeString("".join([node.render_annotated(context) for node in self]))
                               ~~~~~~~~~~~~~~~~~~~~~^^^^^^^^^
  File "D:\Users\6385\PycharmProjects\django_anime_project\.venv\Lib\site-packages\django\template\base.py", line 1052, in render_annotated
    return self.render(context)
           ~~~~~~~~~~~^^^^^^^^^
  File "D:\Users\6385\PycharmProjects\django_anime_project\.venv\Lib\site-packages\django\template\defaulttags.py", line 333, in render
    return nodelist.render(context)
           ~~~~~~~~~~~~~~~^^^^^^^^^
  File "D:\Users\6385\PycharmProjects\django_anime_project\.venv\Lib\site-packages\django\template\base.py", line 1091, in render
    return SafeString("".join([node.render_annotated(context) for node in self]))
                               ~~~~~~~~~~~~~~~~~~~~~^^^^^^^^^
  File "D:\Users\6385\PycharmProjects\django_anime_project\.venv\Lib\site-packages\django\template\base.py", line 1052, in render_annotated
    return self.render(context)
           ~~~~~~~~~~~^^^^^^^^^
  File "D:\Users\6385\PycharmProjects\django_anime_project\.venv\Lib\site-packages\django\template\defaulttags.py", line 249, in render
    nodelist.append(node.render_annotated(context))
                    ~~~~~~~~~~~~~~~~~~~~~^^^^^^^^^
  File "D:\Users\6385\PycharmProjects\django_anime_project\.venv\Lib\site-packages\django\template\base.py", line 1052, in render_annotated
    return self.render(context)
           ~~~~~~~~~~~^^^^^^^^^
  File "D:\Users\6385\PycharmProjects\django_anime_project\.venv\Lib\site-packages\django\template\defaulttags.py", line 511, in render
    url = reverse(view_name, args=args, kwargs=kwargs, current_app=current_app)
  File "D:\Users\6385\PycharmProjects\django_anime_project\.venv\Lib\site-packages\django\urls\base.py", line 98, in reverse
    resolved_url = resolver._reverse_with_prefix(view, prefix, *args, **kwargs)
  File "D:\Users\6385\PycharmProjects\django_anime_project\.venv\Lib\site-packages\django\urls\resolvers.py", line 842, in _reverse_with_prefix
    raise NoReverseMatch(msg)
django.urls.exceptions.NoReverseMatch: Reverse for 'default' not found. 'default' is not a valid view function or pattern name.
2026-02-28 15:10:57,439 | INFO | django.utils.autoreload | D:\Users\6385\PycharmProjects\django_anime_project\core\mainpage\constants.py changed, reloading. 
2026-02-28 15:10:57,934 | INFO | django.utils.autoreload | Watching for file changes with StatReloader 
2026-02-28 15:14:42,271 | INFO | django.utils.autoreload | D:\Users\6385\PycharmProjects\django_anime_project\core\mainpage\models.py changed, reloading. 
2026-02-28 15:14:42,707 | INFO | django.utils.autoreload | Watching for file changes with StatReloader 
2026-02-28 15:14:48,973 | INFO | django.utils.autoreload | D:\Users\6385\PycharmProjects\django_anime_project\core\mainpage\constants.py changed, reloading. 
2026-02-28 15:14:49,548 | INFO | django.utils.autoreload | Watching for file changes with StatReloader 
2026-02-28 15:19:53,694 | INFO | django.utils.autoreload | D:\Users\6385\PycharmProjects\django_anime_project\core\mainpage\models.py changed, reloading. 
2026-02-28 15:19:54,183 | INFO | django.utils.autoreload | Watching for file changes with StatReloader 
2026-02-28 15:20:37,156 | INFO | django.utils.autoreload | Watching for file changes with StatReloader 
2026-02-28 15:20:38,486 | INFO | mainpage.views | Steins Gate page opened , user=admin 
2026-02-28 15:20:40,451 | INFO | mainpage.views | Future Gadget Laboratory page opened , user=admin 
2026-02-28 15:20:41,964 | INFO | mainpage.views | Steins Gate page opened , user=admin 
2026-02-28 15:20:43,233 | INFO | mainpage.views | Future Gadget Laboratory page opened , user=admin 
2026-02-28 15:20:44,096 | INFO | mainpage.views | Steins Gate: Kyoukaimenjou no Missing Link, user=admin 
2026-02-28 15:20:45,448 | INFO | mainpage.views | Future Gadget Laboratory page opened , user=admin 
2026-02-28 15:20:46,224 | INFO | mainpage.views | Steins Gate zero page opened , user=admin 
2026-02-28 15:20:47,474 | INFO | mainpage.views | Future Gadget Laboratory page opened , user=admin 
2026-02-28 15:20:48,445 | INFO | mainpage.views | Steins Gate: Load Region of Deja Vu page opened, user=admin 
2026-02-28 15:20:50,855 | INFO | mainpage.views | Steins Gate: Load Region of Deja Vu page opened, user=admin 
2026-02-28 15:20:52,760 | INFO | mainpage.views | Steins Gate: Load Region of Deja Vu page opened, user=admin 
2026-02-28 15:20:54,047 | INFO | mainpage.views | Future Gadget Laboratory page opened , user=admin 
2026-02-28 15:23:47,516 | INFO | django.utils.autoreload | D:\Users\6385\PycharmProjects\django_anime_project\core\mainpage\models.py changed, reloading. 
2026-02-28 15:23:48,130 | INFO | django.utils.autoreload | Watching for file changes with StatReloader 
2026-02-28 15:29:17,793 | INFO | django.utils.autoreload | Watching for file changes with StatReloader 
2026-02-28 15:29:19,195 | INFO | mainpage.views | Steins Gate page opened , user=admin 
2026-02-28 15:29:20,927 | INFO | mainpage.views | Future Gadget Laboratory page opened , user=admin 
2026-02-28 15:29:21,852 | INFO | mainpage.views | Steins Gate page opened , user=admin 
2026-02-28 15:29:22,619 | INFO | mainpage.views | Future Gadget Laboratory page opened , user=admin 
2026-02-28 15:29:24,007 | INFO | mainpage.views | Steins Gate: Load Region of Deja Vu page opened, user=admin 
2026-02-28 15:29:26,994 | INFO | mainpage.views | Future Gadget Laboratory page opened , user=admin 
2026-02-28 15:29:29,130 | INFO | mainpage.views | Steins Gate: Kyoukaimenjou no Missing Link, user=admin 
2026-02-28 15:29:30,691 | INFO | mainpage.views | Future Gadget Laboratory page opened , user=admin 
2026-02-28 15:29:31,747 | INFO | mainpage.views | Steins Gate zero page opened , user=admin 
2026-02-28 15:29:41,236 | INFO | mainpage.views | Future Gadget Laboratory page opened , user=admin 
2026-02-28 15:29:42,212 | INFO | mainpage.views | Steins Gate page opened , user=admin 
2026-02-28 15:30:12,188 | INFO | mainpage.views | Steins Gate page opened , user=admin 
2026-02-28 15:30:14,332 | INFO | mainpage.views | Future Gadget Laboratory page opened , user=admin 
2026-02-28 15:30:15,261 | INFO | mainpage.views | Steins Gate: Load Region of Deja Vu page opened, user=admin 
2026-02-28 15:30:22,466 | INFO | mainpage.views | Future Gadget Laboratory page opened , user=admin 
2026-02-28 15:30:23,862 | INFO | mainpage.views | Steins Gate: Kyoukaimenjou no Missing Link, user=admin 
2026-02-28 15:30:25,421 | INFO | mainpage.views | Future Gadget Laboratory page opened , user=admin 
2026-02-28 15:30:26,120 | INFO | mainpage.views | Steins Gate zero page opened , user=admin 
2026-02-28 15:48:43,440 | INFO | django.utils.autoreload | Watching for file changes with StatReloader 
2026-02-28 15:48:44,409 | INFO | mainpage.views | Steins Gate page opened , user=admin 
2026-02-28 15:48:45,992 | INFO | mainpage.views | Future Gadget Laboratory page opened , user=admin 
2026-02-28 15:48:47,410 | INFO | mainpage.views | Steins Gate: Load Region of Deja Vu page opened, user=admin 
2026-02-28 15:48:48,098 | INFO | mainpage.views | Future Gadget Laboratory page opened , user=admin 
2026-02-28 15:48:48,946 | INFO | mainpage.views | Steins Gate zero page opened , user=admin 
2026-02-28 15:48:50,136 | INFO | mainpage.views | Steins Gate: Kyoukaimenjou no Missing Link, user=admin 
2026-02-28 15:48:51,208 | INFO | mainpage.views | Steins Gate: Load Region of Deja Vu page opened, user=admin 
2026-02-28 15:49:26,438 | INFO | mainpage.views | Future Gadget Laboratory page opened , user=admin 
2026-02-28 15:49:27,388 | INFO | mainpage.views | Steins Gate page opened , user=admin 
2026-02-28 15:49:32,727 | INFO | mainpage.views | Steins Gate page opened , user=admin 
2026-02-28 15:49:32,764 | INFO | mainpage.views | Anime Steins;Gate comment hello , user=admin 
2026-02-28 15:49:32,811 | INFO | mainpage.views | Steins Gate page opened , user=admin 
2026-02-28 16:16:13,949 | INFO | django.utils.autoreload | Watching for file changes with StatReloader 
